[0m09:06:41.064325 [debug] [MainThread]: Sending event: {'category': 'dbt', 'action': 'invocation', 'label': 'start', 'context': [<snowplow_tracker.self_describing_json.SelfDescribingJson object at 0x000002B0DBFBED08>, <snowplow_tracker.self_describing_json.SelfDescribingJson object at 0x000002B0DBFB8E88>, <snowplow_tracker.self_describing_json.SelfDescribingJson object at 0x000002B0DBFB8F88>]}


============================== 09:06:41.075592 | 74945b4c-a4d5-497c-bb1c-3cf9eb814b2c ==============================
[0m09:06:41.075592 [info ] [MainThread]: Running with dbt=1.5.11
[0m09:06:41.078385 [debug] [MainThread]: running dbt with arguments {'printer_width': '80', 'indirect_selection': 'eager', 'log_cache_events': 'False', 'write_json': 'True', 'partial_parse': 'True', 'cache_selected_only': 'False', 'profiles_dir': 'C:\\Users\\DTCANSYILDIRIM\\.dbt', 'fail_fast': 'False', 'version_check': 'True', 'log_path': 'logs', 'debug': 'False', 'warn_error': 'None', 'use_colors': 'True', 'use_experimental_parser': 'False', 'no_print': 'None', 'quiet': 'False', 'log_format': 'default', 'introspect': 'True', 'static_parser': 'True', 'warn_error_options': 'WarnErrorOptions(include=[], exclude=[])', 'target_path': 'None', 'send_anonymous_usage_stats': 'True'}
[0m09:06:41.080900 [info ] [MainThread]: dbt version: 1.5.11
[0m09:06:41.080900 [info ] [MainThread]: python version: 3.7.8
[0m09:06:41.086347 [info ] [MainThread]: python path: c:\python37\python.exe
[0m09:06:41.089724 [info ] [MainThread]: os info: Windows-10-10.0.26100-SP0
[0m09:06:41.092016 [info ] [MainThread]: Using profiles.yml file at C:\Users\DTCANSYILDIRIM\.dbt\profiles.yml
[0m09:06:41.094239 [info ] [MainThread]: Using dbt_project.yml file at C:\Users\DTCANSYILDIRIM\Desktop\data-pipeline-project\dbt_project.yml
[0m09:06:41.094239 [info ] [MainThread]: Configuration:
[0m09:06:41.099475 [info ] [MainThread]:   profiles.yml file [[31mERROR not found[0m]
[0m09:06:41.103118 [info ] [MainThread]:   dbt_project.yml file [[31mERROR not found[0m]
[0m09:06:41.108007 [info ] [MainThread]: Required dependencies:
[0m09:06:41.110917 [debug] [MainThread]: Executing "git --help"
[0m09:06:41.532301 [debug] [MainThread]: STDOUT: "b"usage: git [-v | --version] [-h | --help] [-C <path>] [-c <name>=<value>]\n           [--exec-path[=<path>]] [--html-path] [--man-path] [--info-path]\n           [-p | --paginate | -P | --no-pager] [--no-replace-objects] [--no-lazy-fetch]\n           [--no-optional-locks] [--no-advice] [--bare] [--git-dir=<path>]\n           [--work-tree=<path>] [--namespace=<name>] [--config-env=<name>=<envvar>]\n           <command> [<args>]\n\nThese are common Git commands used in various situations:\n\nstart a working area (see also: git help tutorial)\n   clone      Clone a repository into a new directory\n   init       Create an empty Git repository or reinitialize an existing one\n\nwork on the current change (see also: git help everyday)\n   add        Add file contents to the index\n   mv         Move or rename a file, a directory, or a symlink\n   restore    Restore working tree files\n   rm         Remove files from the working tree and from the index\n\nexamine the history and state (see also: git help revisions)\n   bisect     Use binary search to find the commit that introduced a bug\n   diff       Show changes between commits, commit and working tree, etc\n   grep       Print lines matching a pattern\n   log        Show commit logs\n   show       Show various types of objects\n   status     Show the working tree status\n\ngrow, mark and tweak your common history\n   backfill   Download missing objects in a partial clone\n   branch     List, create, or delete branches\n   commit     Record changes to the repository\n   merge      Join two or more development histories together\n   rebase     Reapply commits on top of another base tip\n   reset      Reset current HEAD to the specified state\n   switch     Switch branches\n   tag        Create, list, delete or verify a tag object signed with GPG\n\ncollaborate (see also: git help workflows)\n   fetch      Download objects and refs from another repository\n   pull       Fetch from and integrate with another repository or a local branch\n   push       Update remote refs along with associated objects\n\n'git help -a' and 'git help -g' list available subcommands and some\nconcept guides. See 'git help <command>' or 'git help <concept>'\nto read about a specific subcommand or concept.\nSee 'git help git' for an overview of the system.\n""
[0m09:06:41.534316 [debug] [MainThread]: STDERR: "b''"
[0m09:06:41.536330 [info ] [MainThread]:  - git [[32mOK found[0m]

[0m09:06:41.536330 [info ] [MainThread]: [31m1 check failed:[0m
[0m09:06:41.541212 [info ] [MainThread]: dbt looked for a profiles.yml file in C:\Users\DTCANSYILDIRIM\.dbt\profiles.yml, but did
not find one. For more information on configuring your profile, consult the
documentation:

https://docs.getdbt.com/docs/configure-your-profile


[0m09:06:41.545359 [debug] [MainThread]: Command `dbt debug` failed at 09:06:41.542759 after 0.50 seconds
[0m09:06:41.547878 [debug] [MainThread]: Sending event: {'category': 'dbt', 'action': 'invocation', 'label': 'end', 'context': [<snowplow_tracker.self_describing_json.SelfDescribingJson object at 0x000002B0DBFC5FC8>, <snowplow_tracker.self_describing_json.SelfDescribingJson object at 0x000002B0D735FC88>, <snowplow_tracker.self_describing_json.SelfDescribingJson object at 0x000002B0DBFB8E88>]}
[0m09:06:41.551112 [debug] [MainThread]: Flushing usage events
[0m09:06:42.391361 [debug] [MainThread]: Error sending anonymous usage statistics. Disabling tracking for this execution. If you wish to permanently disable tracking, see: https://docs.getdbt.com/reference/global-configs#send-anonymous-usage-stats.
[0m13:25:41.424763 [debug] [MainThread]: Sending event: {'category': 'dbt', 'action': 'invocation', 'label': 'start', 'context': [<snowplow_tracker.self_describing_json.SelfDescribingJson object at 0x000001C0E64DE148>, <snowplow_tracker.self_describing_json.SelfDescribingJson object at 0x000001C0E64E33C8>, <snowplow_tracker.self_describing_json.SelfDescribingJson object at 0x000001C0E64E3108>]}


============================== 13:25:41.432497 | a808a715-fb00-4837-af38-955e9e55f481 ==============================
[0m13:25:41.432497 [info ] [MainThread]: Running with dbt=1.5.11
[0m13:25:41.433497 [debug] [MainThread]: running dbt with arguments {'printer_width': '80', 'indirect_selection': 'eager', 'log_cache_events': 'False', 'write_json': 'True', 'partial_parse': 'True', 'cache_selected_only': 'False', 'warn_error': 'None', 'version_check': 'True', 'debug': 'False', 'log_path': 'logs', 'profiles_dir': 'C:\\Users\\DTCANSYILDIRIM\\.dbt', 'fail_fast': 'False', 'use_colors': 'True', 'use_experimental_parser': 'False', 'no_print': 'None', 'quiet': 'False', 'warn_error_options': 'WarnErrorOptions(include=[], exclude=[])', 'static_parser': 'True', 'introspect': 'True', 'log_format': 'default', 'target_path': 'None', 'send_anonymous_usage_stats': 'True'}
[0m13:25:41.435388 [error] [MainThread]: Encountered an error:
Runtime Error
  No dbt_project.yml found at expected path C:\Users\DTCANSYILDIRIM\Desktop\data-pipeline-project\dbt_project.yml
  Verify that each entry within packages.yml (and their transitive dependencies) contains a file named dbt_project.yml
  
[0m13:25:41.437177 [debug] [MainThread]: Command `dbt deps` failed at 13:25:41.437177 after 0.02 seconds
[0m13:25:41.438194 [debug] [MainThread]: Sending event: {'category': 'dbt', 'action': 'invocation', 'label': 'end', 'context': [<snowplow_tracker.self_describing_json.SelfDescribingJson object at 0x000001C0E64D8FC8>, <snowplow_tracker.self_describing_json.SelfDescribingJson object at 0x000001C0E195FC48>, <snowplow_tracker.self_describing_json.SelfDescribingJson object at 0x000001C0E650E288>]}
[0m13:25:41.438711 [debug] [MainThread]: Flushing usage events
